ISim log file
Running: U:\Architecture\assignment1.1\cpuTestBasic_isim_beh.exe -intstyle ise -gui -tclbatch isim.cmd -wdb U:/Architecture/assignment1.1/cpuTestBasic_isim_beh.wdb 
ISim O.61xd (signature 0x6dd86d03)
----------------------------------------------------------------------
INFO:Security:50 - The XILINXD_LICENSE_FILE environment variable is set to '2100@allen.scss.tcd.ie'.
INFO:Security:52 - The LM_LICENSE_FILE environment variable is set to '1717@allen.scss.tcd.ie'.
INFO:Security:68 - Please run the Xilinx License Configuration Manager
       (xlcm or "Manage Xilinx Licenses")
       to assist in obtaining a license.
WARNING:Security:43 - No license file was found in the standard Xilinx license directory.
WARNING:Security:44 - No license file was found.
       Please run the Xilinx License Configuration Manager
       (xlcm or "Manage Xilinx Licenses")
       to assist in obtaining a license.
ERROR:Security:14 - No feature was available for 'ISIM'.

License server machine is down or not responding.
 See the system adminstrator about starting the license server system, or
 make sure you're referring to the right host (see LM_LICENSE_FILE).
Feature:       ISIM
Hostname:      134.226.32.15
License path:  U:/.Xilinx;C:\Xilinx\13.2\ISE_DS\ISE\/data\*.lic;C:\Xilinx\13.2\ISE_DS\ISE\/coregen/core_licenses\Xilinx.lic;C:\Xilinx\13.2\ISE_DS\ISE\/coregen/core_licenses\XilinxFree.lic;C:\xilinx\13.2\ISE_DS\EDK/data/core_licenses\Xilinx.lic;2100@allen.scss.tcd.ie;1717@allen.scss.tcd.ie;
FLEXnet Licensing error:-96,491
For further information, refer to the FLEXnet Licensing documentation,
available at "www.acresso.com".
----------------------------------------------------------------------
WARNING: A full ISim License cannot be checked out due to the issues listed above. Please use Xilinx License Configuration Manager to fix these issues in order to check out a full ISim license.
WARNING: ISim will run in Lite mode. Please refer to the ISim documentation for more information on the differences between the Lite and the Full version.
This is a Lite version of ISim.
Time resolution is 1 ps
# onerror resume
# wave add /
# run 8000 ns
Simulator is doing circuit initialization process.
at 0 ps, Instance /cputestbasic/uut/memoryInstance/ : Warning: There is an 'U'|'X'|'W'|'Z'|'-' in an arithmetic operand, the result will be 'X'(es).
at 0 ps, Instance /cputestbasic/uut/memoryInstance/ : Warning: CONV_INTEGER: There is an 'U'|'X'|'W'|'Z'|'-' in an arithmetic operand, and it has been converted to 0.
at 0 ps, Instance /cputestbasic/uut/controlMemoryInstance/ : Warning: CONV_INTEGER: There is an 'U'|'X'|'W'|'Z'|'-' in an arithmetic operand, and it has been converted to 0.
Finished circuit initialization process.
at 0 ps, Instance /cputestbasic/uut/memoryInstance/ : Warning: CONV_INTEGER: There is an 'U'|'X'|'W'|'Z'|'-' in an arithmetic operand, and it has been converted to 0.
